<?xml version="1.0" encoding="UTF-8"?>
<!-- Generated by org.testng.reporters.JUnitReportReporter -->
<testsuite skipped="0" hostname="DESKTOP-EFO36VT" name="testCases.NewTest" tests="1" failures="0" timestamp="07 Aug 2021 08:11:11 GMT" time="0.039" errors="0">
  <testcase name="f" time="0.039" classname="testCases.NewTest"/>
</testsuite> <!-- testCases.NewTest -->
